saved_filename is C:\Users\DPatton\gits2\kernelkernel\..\condensed_model_save, but does not seem to exist
saved_filename is C:\Users\DPatton\gits2\kernelkernel\condensed_model_save, but does not seem to exist
saved_filename is model_save, but does not seem to exist
saved_filename is C:\Users\DPatton\gits2\kernelkernel\..\condensed_model_save, but does not seem to exist
saved_filename is C:\Users\DPatton\gits2\kernelkernel\..\condensed_model_save, but does not seem to exist
saved_filename is C:\Users\DPatton\gits2\kernelkernel\condensed_model_save, but does not seem to exist
saved_filename is C:\Users\DPatton\gits2\kernelkernel\condensed_model_save, but does not seem to exist
saved_filename is model_save, but does not seem to exist
saved_filename is model_save, but does not seem to exist
saved_filename is C:\Users\DPatton\gits2\kernelkernel\..\condensed_model_save, but does not seem to exist
saved_filename is C:\Users\DPatton\gits2\kernelkernel\..\condensed_model_save, but does not seem to exist
saved_filename is C:\Users\DPatton\gits2\kernelkernel\..\condensed_model_save, but does not seem to exist
saved_filename is C:\Users\DPatton\gits2\kernelkernel\condensed_model_save, but does not seem to exist
saved_filename is C:\Users\DPatton\gits2\kernelkernel\condensed_model_save, but does not seem to exist
saved_filename is C:\Users\DPatton\gits2\kernelkernel\condensed_model_save, but does not seem to exist
saved_filename is model_save, but does not seem to exist
saved_filename is model_save, but does not seem to exist
saved_filename is model_save, but does not seem to exist
saved_filename is C:\Users\DPatton\gits2\kernelkernel\..\condensed_model_save, but does not seem to exist
saved_filename is C:\Users\DPatton\gits2\kernelkernel\..\condensed_model_save, but does not seem to exist
saved_filename is C:\Users\DPatton\gits2\kernelkernel\..\condensed_model_save, but does not seem to exist
saved_filename is C:\Users\DPatton\gits2\kernelkernel\..\condensed_model_save, but does not seem to exist
saved_filename is C:\Users\DPatton\gits2\kernelkernel\condensed_model_save, but does not seem to exist
saved_filename is C:\Users\DPatton\gits2\kernelkernel\condensed_model_save, but does not seem to exist
saved_filename is C:\Users\DPatton\gits2\kernelkernel\condensed_model_save, but does not seem to exist
saved_filename is C:\Users\DPatton\gits2\kernelkernel\condensed_model_save, but does not seem to exist
saved_filename is model_save, but does not seem to exist
saved_filename is model_save, but does not seem to exist
saved_filename is model_save, but does not seem to exist
saved_filename is model_save, but does not seem to exist
saved_filename is C:\Users\DPatton\gits2\kernelkernel\..\condensed_model_save, but does not seem to exist
saved_filename is C:\Users\DPatton\gits2\kernelkernel\..\condensed_model_save, but does not seem to exist
saved_filename is C:\Users\DPatton\gits2\kernelkernel\..\condensed_model_save, but does not seem to exist
saved_filename is C:\Users\DPatton\gits2\kernelkernel\..\condensed_model_save, but does not seem to exist
saved_filename is C:\Users\DPatton\gits2\kernelkernel\..\condensed_model_save, but does not seem to exist
saved_filename is C:\Users\DPatton\gits2\kernelkernel\..\condensed_model_save, but does not seem to exist
saved_filename is C:\Users\DPatton\gits2\kernelkernel\..\condensed_model_save, but does not seem to exist
saved_filename is C:\Users\DPatton\gits2\kernelkernel\..\condensed_model_save, but does not seem to exist
saved_filename is C:\Users\DPatton\gits2\kernelkernel\..\condensed_model_save, but does not seem to exist
saved_filename is C:\Users\DPatton\gits2\kernelkernel\..\condensed_model_save, but does not seem to exist
saved_filename is C:\Users\DPatton\gits2\kernelkernel\..\condensed_model_save, but does not seem to exist
saved_filename is C:\Users\DPatton\gits2\kernelkernel\..\condensed_model_save, but does not seem to exist
saved_filename is C:\Users\DPatton\gits2\kernelkernel\..\condensed_model_save, but does not seem to exist
saved_filename is C:\Users\DPatton\gits2\kernelkernel\..\condensed_model_save, but does not seem to exist
saved_filename is C:\Users\DPatton\gits2\kernelkernel\..\condensed_model_save, but does not seem to exist
saved_filename is C:\Users\DPatton\gits2\kernelkernel\..\condensed_model_save, but does not seem to exist
saved_filename is C:\Users\DPatton\gits2\kernelkernel\..\condensed_model_save, but does not seem to exist
saved_filename is C:\Users\DPatton\gits2\kernelkernel\..\condensed_model_save, but does not seem to exist
saved_filename is C:\Users\DPatton\gits2\kernelkernel\..\condensed_model_save, but does not seem to exist
saved_filename is C:\Users\DPatton\gits2\kernelkernel\..\condensed_model_save, but does not seem to exist
saved_filename is C:\Users\DPatton\gits2\kernelkernel\..\condensed_model_save, but does not seem to exist
saved_filename is C:\Users\DPatton\gits2\kernelkernel\..\condensed_model_save, but does not seem to exist
saved_filename is C:\Users\DPatton\gits2\kernelkernel\..\condensed_model_save, but does not seem to exist
saved_filename is C:\Users\DPatton\gits2\kernelkernel\..\condensed_model_save, but does not seem to exist
saved_filename is C:\Users\DPatton\gits2\kernelkernel\..\condensed_model_save, but does not seem to exist
saved_filename is C:\Users\DPatton\gits2\kernelkernel\..\condensed_model_save, but does not seem to exist
saved_filename is C:\Users\DPatton\gits2\kernelkernel\..\condensed_model_save, but does not seem to exist
saved_filename is C:\Users\DPatton\gits2\kernelkernel\..\condensed_model_save, but does not seem to exist
saved_filename is C:\Users\DPatton\gits2\kernelkernel\..\condensed_model_save, but does not seem to exist
saved_filename is C:\Users\DPatton\gits2\kernelkernel\..\condensed_model_save, but does not seem to exist
saved_filename is C:\Users\DPatton\gits2\kernelkernel\..\condensed_model_save, but does not seem to exist
saved_filename is C:\Users\DPatton\gits2\kernelkernel\..\condensed_model_save, but does not seem to exist
saved_filename is C:\Users\DPatton\gits\kernelkernel\..\condensed_model_save, but does not seem to exist
saved_filename is C:\Users\DPatton\gits\kernelkernel\condensed_model_save, but does not seem to exist
saved_filename is C:\Users\DPatton\gits\kernelkernel\..\condensed_model_save, but does not seem to exist
saved_filename is C:\Users\DPatton\gits\kernelkernel\..\condensed_model_save, but does not seem to exist
saved_filename is C:\Users\DPatton\gits\kernelkernel\condensed_model_save, but does not seem to exist
saved_filename is C:\Users\DPatton\gits\kernelkernel\condensed_model_save, but does not seem to exist
saved_filename is C:\Users\DPatton\gits\kernelkernel\..\condensed_model_save, but does not seem to exist
saved_filename is C:\Users\DPatton\gits\kernelkernel\..\condensed_model_save, but does not seem to exist
saved_filename is C:\Users\DPatton\gits\kernelkernel\..\condensed_model_save, but does not seem to exist
saved_filename is C:\Users\DPatton\gits\kernelkernel\condensed_model_save, but does not seem to exist
saved_filename is C:\Users\DPatton\gits\kernelkernel\condensed_model_save, but does not seem to exist
saved_filename is C:\Users\DPatton\gits\kernelkernel\condensed_model_save, but does not seem to exist
saved_filename is C:\Users\DPatton\gits\kernelkernel\..\condensed_model_save, but does not seem to exist
saved_filename is C:\Users\DPatton\gits\kernelkernel\..\condensed_model_save, but does not seem to exist
saved_filename is C:\Users\DPatton\gits\kernelkernel\..\condensed_model_save, but does not seem to exist
saved_filename is C:\Users\DPatton\gits\kernelkernel\..\condensed_model_save, but does not seem to exist
saved_filename is C:\Users\DPatton\gits\kernelkernel\condensed_model_save, but does not seem to exist
saved_filename is C:\Users\DPatton\gits\kernelkernel\condensed_model_save, but does not seem to exist
saved_filename is C:\Users\DPatton\gits\kernelkernel\condensed_model_save, but does not seem to exist
saved_filename is C:\Users\DPatton\gits\kernelkernel\condensed_model_save, but does not seem to exist
saved_filename is C:\Users\DPatton\gits\kernelkernel\..\condensed_model_save, but does not seem to exist
saved_filename is C:\Users\DPatton\gits\kernelkernel\condensed_model_save, but does not seem to exist
saved_filename is C:\Users\DPatton\gits\kernelkernel\..\condensed_model_save, but does not seem to exist
saved_filename is C:\Users\DPatton\gits\kernelkernel\..\condensed_model_save, but does not seem to exist
saved_filename is C:\Users\DPatton\gits\kernelkernel\condensed_model_save, but does not seem to exist
saved_filename is C:\Users\DPatton\gits\kernelkernel\condensed_model_save, but does not seem to exist
saved_filename is C:\Users\DPatton\gits\kernelkernel\..\condensed_model_save, but does not seem to exist
saved_filename is C:\Users\DPatton\gits\kernelkernel\..\condensed_model_save, but does not seem to exist
saved_filename is C:\Users\DPatton\gits\kernelkernel\..\condensed_model_save, but does not seem to exist
saved_filename is C:\Users\DPatton\gits\kernelkernel\condensed_model_save, but does not seem to exist
saved_filename is C:\Users\DPatton\gits\kernelkernel\condensed_model_save, but does not seem to exist
saved_filename is C:\Users\DPatton\gits\kernelkernel\condensed_model_save, but does not seem to exist
saved_filename is C:\Users\DPatton\gits\kernelkernel\..\condensed_model_save, but does not seem to exist
saved_filename is C:\Users\DPatton\gits\kernelkernel\..\condensed_model_save, but does not seem to exist
saved_filename is C:\Users\DPatton\gits\kernelkernel\..\condensed_model_save, but does not seem to exist
saved_filename is C:\Users\DPatton\gits\kernelkernel\..\condensed_model_save, but does not seem to exist
saved_filename is C:\Users\DPatton\gits\kernelkernel\condensed_model_save, but does not seem to exist
saved_filename is C:\Users\DPatton\gits\kernelkernel\condensed_model_save, but does not seem to exist
saved_filename is C:\Users\DPatton\gits\kernelkernel\condensed_model_save, but does not seem to exist
saved_filename is C:\Users\DPatton\gits\kernelkernel\condensed_model_save, but does not seem to exist
saved_filename is C:\Users\DPatton\gits\kernelkernel\..\condensed_model_save, but does not seem to exist
saved_filename is C:\Users\DPatton\gits\kernelkernel\condensed_model_save, but does not seem to exist
saved_filename is C:\Users\DPatton\gits\kernelkernel\..\condensed_model_save, but does not seem to exist
saved_filename is C:\Users\DPatton\gits\kernelkernel\..\condensed_model_save, but does not seem to exist
saved_filename is C:\Users\DPatton\gits\kernelkernel\condensed_model_save, but does not seem to exist
saved_filename is C:\Users\DPatton\gits\kernelkernel\condensed_model_save, but does not seem to exist
saved_filename is C:\Users\DPatton\gits\kernelkernel\..\condensed_model_save, but does not seem to exist
saved_filename is C:\Users\DPatton\gits\kernelkernel\..\condensed_model_save, but does not seem to exist
saved_filename is C:\Users\DPatton\gits\kernelkernel\..\condensed_model_save, but does not seem to exist
saved_filename is C:\Users\DPatton\gits\kernelkernel\condensed_model_save, but does not seem to exist
saved_filename is C:\Users\DPatton\gits\kernelkernel\condensed_model_save, but does not seem to exist
saved_filename is C:\Users\DPatton\gits\kernelkernel\condensed_model_save, but does not seem to exist
saved_filename is C:\Users\DPatton\gits\kernelkernel\..\condensed_model_save, but does not seem to exist
saved_filename is C:\Users\DPatton\gits\kernelkernel\..\condensed_model_save, but does not seem to exist
saved_filename is C:\Users\DPatton\gits\kernelkernel\..\condensed_model_save, but does not seem to exist
saved_filename is C:\Users\DPatton\gits\kernelkernel\..\condensed_model_save, but does not seem to exist
saved_filename is C:\Users\DPatton\gits\kernelkernel\condensed_model_save, but does not seem to exist
saved_filename is C:\Users\DPatton\gits\kernelkernel\condensed_model_save, but does not seem to exist
saved_filename is C:\Users\DPatton\gits\kernelkernel\condensed_model_save, but does not seem to exist
saved_filename is C:\Users\DPatton\gits\kernelkernel\condensed_model_save, but does not seem to exist
saved_filename is C:\Users\DPatton\gits\kernelkernel\..\condensed_model_save, but does not seem to exist
saved_filename is C:\Users\DPatton\gits\kernelkernel\..\condensed_model_save, but does not seem to exist
saved_filename is C:\Users\DPatton\gits\kernelkernel\..\condensed_model_save, but does not seem to exist
saved_filename is C:\Users\DPatton\gits\kernelkernel\..\condensed_model_save, but does not seem to exist
saved_filename is C:\Users\DPatton\gits\kernelkernel\..\condensed_model_save, but does not seem to exist
saved_filename is C:\Users\DPatton\gits\kernelkernel\condensed_model_save, but does not seem to exist
saved_filename is C:\Users\DPatton\gits\kernelkernel\condensed_model_save, but does not seem to exist
saved_filename is C:\Users\DPatton\gits\kernelkernel\condensed_model_save, but does not seem to exist
saved_filename is C:\Users\DPatton\gits\kernelkernel\condensed_model_save, but does not seem to exist
saved_filename is C:\Users\DPatton\gits\kernelkernel\condensed_model_save, but does not seem to exist
saved_filename is C:\Users\DPatton\gits\kernelkernel\..\condensed_model_save, but does not seem to exist
saved_filename is C:\Users\DPatton\gits\kernelkernel\..\condensed_model_save, but does not seem to exist
saved_filename is C:\Users\DPatton\gits\kernelkernel\..\condensed_model_save, but does not seem to exist
saved_filename is C:\Users\DPatton\gits\kernelkernel\..\condensed_model_save, but does not seem to exist
saved_filename is C:\Users\DPatton\gits\kernelkernel\..\condensed_model_save, but does not seem to exist
saved_filename is C:\Users\DPatton\gits\kernelkernel\..\condensed_model_save, but does not seem to exist
saved_filename is C:\Users\DPatton\gits\kernelkernel\condensed_model_save, but does not seem to exist
saved_filename is C:\Users\DPatton\gits\kernelkernel\condensed_model_save, but does not seem to exist
saved_filename is C:\Users\DPatton\gits\kernelkernel\condensed_model_save, but does not seem to exist
saved_filename is C:\Users\DPatton\gits\kernelkernel\condensed_model_save, but does not seem to exist
saved_filename is C:\Users\DPatton\gits\kernelkernel\condensed_model_save, but does not seem to exist
saved_filename is C:\Users\DPatton\gits\kernelkernel\condensed_model_save, but does not seem to exist
saved_filename is C:\Users\DPatton\gits\kernelkernel\..\condensed_model_save, but does not seem to exist
saved_filename is C:\Users\DPatton\gits\kernelkernel\..\condensed_model_save, but does not seem to exist
saved_filename is C:\Users\DPatton\gits\kernelkernel\..\condensed_model_save, but does not seem to exist
saved_filename is C:\Users\DPatton\gits\kernelkernel\..\condensed_model_save, but does not seem to exist
saved_filename is C:\Users\DPatton\gits\kernelkernel\..\condensed_model_save, but does not seem to exist
saved_filename is C:\Users\DPatton\gits\kernelkernel\..\condensed_model_save, but does not seem to exist
saved_filename is C:\Users\DPatton\gits\kernelkernel\..\condensed_model_save, but does not seem to exist
saved_filename is C:\Users\DPatton\gits\kernelkernel\condensed_model_save, but does not seem to exist
saved_filename is C:\Users\DPatton\gits\kernelkernel\condensed_model_save, but does not seem to exist
saved_filename is C:\Users\DPatton\gits\kernelkernel\condensed_model_save, but does not seem to exist
saved_filename is C:\Users\DPatton\gits\kernelkernel\condensed_model_save, but does not seem to exist
saved_filename is C:\Users\DPatton\gits\kernelkernel\condensed_model_save, but does not seem to exist
saved_filename is C:\Users\DPatton\gits\kernelkernel\condensed_model_save, but does not seem to exist
saved_filename is C:\Users\DPatton\gits\kernelkernel\condensed_model_save, but does not seem to exist
saved_filename is C:\Users\DPatton\gits\kernelkernel\..\condensed_model_save, but does not seem to exist
saved_filename is C:\Users\DPatton\gits\kernelkernel\..\condensed_model_save, but does not seem to exist
saved_filename is C:\Users\DPatton\gits\kernelkernel\..\condensed_model_save, but does not seem to exist
saved_filename is C:\Users\DPatton\gits\kernelkernel\..\condensed_model_save, but does not seem to exist
saved_filename is C:\Users\DPatton\gits\kernelkernel\..\condensed_model_save, but does not seem to exist
saved_filename is C:\Users\DPatton\gits\kernelkernel\..\condensed_model_save, but does not seem to exist
saved_filename is C:\Users\DPatton\gits\kernelkernel\..\condensed_model_save, but does not seem to exist
saved_filename is C:\Users\DPatton\gits\kernelkernel\..\condensed_model_save, but does not seem to exist
saved_filename is C:\Users\DPatton\gits\kernelkernel\condensed_model_save, but does not seem to exist
saved_filename is C:\Users\DPatton\gits\kernelkernel\condensed_model_save, but does not seem to exist
saved_filename is C:\Users\DPatton\gits\kernelkernel\condensed_model_save, but does not seem to exist
saved_filename is C:\Users\DPatton\gits\kernelkernel\condensed_model_save, but does not seem to exist
saved_filename is C:\Users\DPatton\gits\kernelkernel\condensed_model_save, but does not seem to exist
saved_filename is C:\Users\DPatton\gits\kernelkernel\condensed_model_save, but does not seem to exist
saved_filename is C:\Users\DPatton\gits\kernelkernel\condensed_model_save, but does not seem to exist
saved_filename is C:\Users\DPatton\gits\kernelkernel\condensed_model_save, but does not seem to exist
saved_filename is C:\Users\DPatton\gits\kernelkernel\..\condensed_model_save, but does not seem to exist
saved_filename is C:\Users\DPatton\gits\kernelkernel\condensed_model_save, but does not seem to exist
saved_filename is C:\Users\DPatton\gits\kernelkernel\..\condensed_model_save, but does not seem to exist
saved_filename is C:\Users\DPatton\gits\kernelkernel\..\condensed_model_save, but does not seem to exist
saved_filename is C:\Users\DPatton\gits\kernelkernel\condensed_model_save, but does not seem to exist
saved_filename is C:\Users\DPatton\gits\kernelkernel\condensed_model_save, but does not seem to exist
saved_filename is C:\Users\DPatton\gits\kernelkernel\..\condensed_model_save, but does not seem to exist
saved_filename is C:\Users\DPatton\gits\kernelkernel\..\condensed_model_save, but does not seem to exist
saved_filename is C:\Users\DPatton\gits\kernelkernel\..\condensed_model_save, but does not seem to exist
saved_filename is C:\Users\DPatton\gits\kernelkernel\condensed_model_save, but does not seem to exist
saved_filename is C:\Users\DPatton\gits\kernelkernel\condensed_model_save, but does not seem to exist
saved_filename is C:\Users\DPatton\gits\kernelkernel\condensed_model_save, but does not seem to exist
saved_filename is C:\Users\DPatton\gits\kernelkernel\..\condensed_model_save, but does not seem to exist
saved_filename is C:\Users\DPatton\gits\kernelkernel\..\condensed_model_save, but does not seem to exist
saved_filename is C:\Users\DPatton\gits\kernelkernel\..\condensed_model_save, but does not seem to exist
saved_filename is C:\Users\DPatton\gits\kernelkernel\..\condensed_model_save, but does not seem to exist
saved_filename is C:\Users\DPatton\gits\kernelkernel\condensed_model_save, but does not seem to exist
saved_filename is C:\Users\DPatton\gits\kernelkernel\condensed_model_save, but does not seem to exist
saved_filename is C:\Users\DPatton\gits\kernelkernel\condensed_model_save, but does not seem to exist
saved_filename is C:\Users\DPatton\gits\kernelkernel\condensed_model_save, but does not seem to exist
saved_filename is C:\Users\DPatton\gits\kernelkernel\..\condensed_model_save, but does not seem to exist
saved_filename is C:\Users\DPatton\gits\kernelkernel\..\condensed_model_save, but does not seem to exist
saved_filename is C:\Users\DPatton\gits\kernelkernel\..\condensed_model_save, but does not seem to exist
saved_filename is C:\Users\DPatton\gits\kernelkernel\..\condensed_model_save, but does not seem to exist
saved_filename is C:\Users\DPatton\gits\kernelkernel\..\condensed_model_save, but does not seem to exist
saved_filename is C:\Users\DPatton\gits\kernelkernel\condensed_model_save, but does not seem to exist
saved_filename is C:\Users\DPatton\gits\kernelkernel\condensed_model_save, but does not seem to exist
saved_filename is C:\Users\DPatton\gits\kernelkernel\condensed_model_save, but does not seem to exist
saved_filename is C:\Users\DPatton\gits\kernelkernel\condensed_model_save, but does not seem to exist
saved_filename is C:\Users\DPatton\gits\kernelkernel\condensed_model_save, but does not seem to exist
saved_filename is C:\Users\DPatton\gits\kernelkernel\..\condensed_model_save, but does not seem to exist
saved_filename is C:\Users\DPatton\gits\kernelkernel\..\condensed_model_save, but does not seem to exist
saved_filename is C:\Users\DPatton\gits\kernelkernel\..\condensed_model_save, but does not seem to exist
saved_filename is C:\Users\DPatton\gits\kernelkernel\..\condensed_model_save, but does not seem to exist
saved_filename is C:\Users\DPatton\gits\kernelkernel\..\condensed_model_save, but does not seem to exist
saved_filename is C:\Users\DPatton\gits\kernelkernel\..\condensed_model_save, but does not seem to exist
saved_filename is C:\Users\DPatton\gits\kernelkernel\condensed_model_save, but does not seem to exist
saved_filename is C:\Users\DPatton\gits\kernelkernel\condensed_model_save, but does not seem to exist
saved_filename is C:\Users\DPatton\gits\kernelkernel\condensed_model_save, but does not seem to exist
saved_filename is C:\Users\DPatton\gits\kernelkernel\condensed_model_save, but does not seem to exist
saved_filename is C:\Users\DPatton\gits\kernelkernel\condensed_model_save, but does not seem to exist
saved_filename is C:\Users\DPatton\gits\kernelkernel\condensed_model_save, but does not seem to exist
saved_filename is C:\Users\DPatton\gits\kernelkernel\..\condensed_model_save, but does not seem to exist
saved_filename is C:\Users\DPatton\gits\kernelkernel\..\condensed_model_save, but does not seem to exist
saved_filename is C:\Users\DPatton\gits\kernelkernel\..\condensed_model_save, but does not seem to exist
saved_filename is C:\Users\DPatton\gits\kernelkernel\..\condensed_model_save, but does not seem to exist
saved_filename is C:\Users\DPatton\gits\kernelkernel\..\condensed_model_save, but does not seem to exist
saved_filename is C:\Users\DPatton\gits\kernelkernel\..\condensed_model_save, but does not seem to exist
saved_filename is C:\Users\DPatton\gits\kernelkernel\..\condensed_model_save, but does not seem to exist
saved_filename is C:\Users\DPatton\gits\kernelkernel\condensed_model_save, but does not seem to exist
saved_filename is C:\Users\DPatton\gits\kernelkernel\condensed_model_save, but does not seem to exist
saved_filename is C:\Users\DPatton\gits\kernelkernel\condensed_model_save, but does not seem to exist
saved_filename is C:\Users\DPatton\gits\kernelkernel\condensed_model_save, but does not seem to exist
saved_filename is C:\Users\DPatton\gits\kernelkernel\condensed_model_save, but does not seem to exist
saved_filename is C:\Users\DPatton\gits\kernelkernel\condensed_model_save, but does not seem to exist
saved_filename is C:\Users\DPatton\gits\kernelkernel\condensed_model_save, but does not seem to exist
saved_filename is C:\Users\DPatton\gits\kernelkernel\..\condensed_model_save, but does not seem to exist
saved_filename is C:\Users\DPatton\gits\kernelkernel\..\condensed_model_save, but does not seem to exist
saved_filename is C:\Users\DPatton\gits\kernelkernel\..\condensed_model_save, but does not seem to exist
saved_filename is C:\Users\DPatton\gits\kernelkernel\..\condensed_model_save, but does not seem to exist
saved_filename is C:\Users\DPatton\gits\kernelkernel\..\condensed_model_save, but does not seem to exist
saved_filename is C:\Users\DPatton\gits\kernelkernel\..\condensed_model_save, but does not seem to exist
saved_filename is C:\Users\DPatton\gits\kernelkernel\..\condensed_model_save, but does not seem to exist
saved_filename is C:\Users\DPatton\gits\kernelkernel\..\condensed_model_save, but does not seem to exist
saved_filename is C:\Users\DPatton\gits\kernelkernel\condensed_model_save, but does not seem to exist
saved_filename is C:\Users\DPatton\gits\kernelkernel\condensed_model_save, but does not seem to exist
saved_filename is C:\Users\DPatton\gits\kernelkernel\condensed_model_save, but does not seem to exist
saved_filename is C:\Users\DPatton\gits\kernelkernel\condensed_model_save, but does not seem to exist
saved_filename is C:\Users\DPatton\gits\kernelkernel\condensed_model_save, but does not seem to exist
saved_filename is C:\Users\DPatton\gits\kernelkernel\condensed_model_save, but does not seem to exist
saved_filename is C:\Users\DPatton\gits\kernelkernel\condensed_model_save, but does not seem to exist
saved_filename is C:\Users\DPatton\gits\kernelkernel\condensed_model_save, but does not seem to exist
saved_filename is C:\Users\DPatton\gits\kernelkernel\..\condensed_model_save, but does not seem to exist
saved_filename is C:\Users\DPatton\gits\kernelkernel\condensed_model_save, but does not seem to exist
saved_filename is C:\Users\DPatton\gits\kernelkernel\..\condensed_model_save, but does not seem to exist
saved_filename is C:\Users\DPatton\gits\kernelkernel\..\condensed_model_save, but does not seem to exist
saved_filename is C:\Users\DPatton\gits\kernelkernel\condensed_model_save, but does not seem to exist
saved_filename is C:\Users\DPatton\gits\kernelkernel\condensed_model_save, but does not seem to exist
saved_filename is C:\Users\DPatton\gits\kernelkernel\..\condensed_model_save, but does not seem to exist
saved_filename is C:\Users\DPatton\gits\kernelkernel\..\condensed_model_save, but does not seem to exist
saved_filename is C:\Users\DPatton\gits\kernelkernel\..\condensed_model_save, but does not seem to exist
saved_filename is C:\Users\DPatton\gits\kernelkernel\..\condensed_model_save, but does not seem to exist
saved_filename is C:\Users\DPatton\gits\kernelkernel\..\condensed_model_save, but does not seem to exist
saved_filename is C:\Users\DPatton\gits\kernelkernel\..\condensed_model_save, but does not seem to exist
saved_filename is C:\Users\DPatton\gits\kernelkernel\..\condensed_model_save, but does not seem to exist
saved_filename is C:\Users\DPatton\gits\kernelkernel\..\condensed_model_save, but does not seem to exist
saved_filename is C:\Users\DPatton\gits\kernelkernel\..\condensed_model_save, but does not seem to exist
saved_filename is C:\Users\DPatton\gits\kernelkernel\..\condensed_model_save, but does not seem to exist
saved_filename is C:\Users\DPatton\gits\kernelkernel\..\condensed_model_save, but does not seem to exist
saved_filename is C:\Users\DPatton\gits\kernelkernel\..\condensed_model_save, but does not seem to exist
saved_filename is C:\Users\DPatton\gits\kernelkernel\..\condensed_model_save, but does not seem to exist
saved_filename is C:\Users\DPatton\gits\kernelkernel\..\condensed_model_save, but does not seem to exist
saved_filename is C:\Users\DPatton\gits\kernelkernel\..\condensed_model_save, but does not seem to exist
saved_filename is C:\Users\DPatton\gits\kernelkernel\..\condensed_model_save, but does not seem to exist
saved_filename is C:\Users\DPatton\gits\kernelkernel\..\condensed_model_save, but does not seem to exist
saved_filename is C:\Users\DPatton\gits\kernelkernel\..\condensed_model_save, but does not seem to exist
saved_filename is C:\Users\DPatton\gits\kernelkernel\..\condensed_model_save, but does not seem to exist
saved_filename is C:\Users\DPatton\gits\kernelkernel\..\condensed_model_save, but does not seem to exist
saved_filename is C:\Users\DPatton\gits\kernelkernel\..\condensed_model_save, but does not seem to exist
saved_filename is C:\Users\DPatton\gits\kernelkernel\..\condensed_model_save, but does not seem to exist
saved_filename is C:\Users\DPatton\gits\kernelkernel\..\condensed_model_save, but does not seem to exist
saved_filename is C:\Users\DPatton\gits\kernelkernel\..\condensed_model_save, but does not seem to exist
saved_filename is C:\Users\DPatton\gits\kernelkernel\..\condensed_model_save, but does not seem to exist
saved_filename is C:\Users\DPatton\gits\kernelkernel\..\condensed_model_save, but does not seem to exist
saved_filename is C:\Users\DPatton\gits\kernelkernel\..\condensed_model_save, but does not seem to exist
saved_filename is C:\Users\DPatton\gits2\kernelkernel\..\condensed_model_save, but does not seem to exist
saved_filename is C:\Users\DPatton\gits2\kernelkernel\..\condensed_model_save, but does not seem to exist
saved_filename is C:\Users\DPatton\gits2\kernelkernel\..\condensed_model_save, but does not seem to exist
saved_filename is C:\Users\DPatton\gits2\kernelkernel\..\condensed_model_save, but does not seem to exist
saved_filename is C:\Users\DPatton\gits2\kernelkernel\..\condensed_model_save, but does not seem to exist
saved_filename is C:\Users\DPatton\gits2\kernelkernel\..\condensed_model_save, but does not seem to exist
saved_filename is C:\Users\DPatton\gits2\kernelkernel\..\condensed_model_save, but does not seem to exist
saved_filename is C:\Users\DPatton\gits2\kernelkernel\..\condensed_model_save, but does not seem to exist
saved_filename is C:\Users\DPatton\gits2\kernelkernel\..\condensed_model_save, but does not seem to exist
saved_filename is C:\Users\DPatton\gits2\kernelkernel\..\condensed_model_save, but does not seem to exist
saved_filename is C:\Users\DPatton\gits2\kernelkernel\..\condensed_model_save, but does not seem to exist
saved_filename is C:\Users\DPatton\gits2\kernelkernel\..\condensed_model_save, but does not seem to exist
saved_filename is C:\Users\DPatton\gits2\kernelkernel\..\condensed_model_save, but does not seem to exist
saved_filename is C:\Users\DPatton\gits2\kernelkernel\..\condensed_model_save, but does not seem to exist
saved_filename is C:\Users\DPatton\gits2\kernelkernel\..\condensed_model_save, but does not seem to exist
saved_filename is C:\Users\DPatton\gits2\kernelkernel\..\condensed_model_save, but does not seem to exist
saved_filename is C:\Users\DPatton\gits2\kernelkernel\..\condensed_model_save, but does not seem to exist
